<?xml version="1.0" encoding="UTF-8"?>
<beans xmlns="http://www.springframework.org/schema/beans"
       xmlns:xsi="http://www.w3.org/2001/XMLSchema-instance"
       xmlns:context="http://www.springframework.org/schema/context"
       xsi:schemaLocation="http://www.springframework.org/schema/beans http://www.springframework.org/schema/beans/spring-beans.xsd http://www.springframework.org/schema/context http://www.springframework.org/schema/context/spring-context.xsd http://www.springframework.org/schema/task http://www.springframework.org/schema/task/spring-task.xsd">

    <bean id="webmService" class="org.mockito.Mockito" factory-method="mock">
        <constructor-arg value="com.khudim.webm.WebmService"/>
            </bean>
    <bean id="fileScanner" class="com.khudim.scanner.FileScanner" init-method="addWebmToBase">
        <property name="webmService" ref="webmService"/>
    </bean>
</beans>